info @storybook/react v6.5.7
info 
info => Cleaning outputDir: C:\\Users\\SAMEED~1\\AppData\\Local\\Temp\\chromatic--6352-g0Xjg0xn74Tp
info => Loading presets
info => Copying static files: C:\Users\Sameed Hasan\OneDrive\Desktop\New folder\taskbox\public at C:\Users\SAMEED~1\AppData\Local\Temp\chromatic--6352-g0Xjg0xn74Tp\
info => Compiling manager..
info => Compiling preview..
info Addon-docs: using MDX1
info => Loading Webpack configuration from `node_modules\react-scripts`
info => Removing existing JavaScript and TypeScript rules.
info => Modifying Create React App rules.
info => Using default Webpack5 setup
<s> [webpack.Progress] 0% 

<s> [webpack.Progress] 1% setup before run
<s> [webpack.Progress] 1% setup before run NodeEnvironmentPlugin
<s> [webpack.Progress] 1% setup before run
<s> [webpack.Progress] 2% setup run
<s> [webpack.Progress] 2% setup run ESLintWebpackPlugin_1
<s> [webpack.Progress] 2% setup run
<s> [webpack.Progress] 4% setup normal module factory
<s> [webpack.Progress] 4% setup normal module factory CaseSensitivePathsPlugin
<s> [webpack.Progress] 4% setup normal module factory ModuleNotFoundPlugin
<s> [webpack.Progress] 4% setup normal module factory IgnorePlugin
<s> [webpack.Progress] 4% setup normal module factory
<s> [webpack.Progress] 5% setup context module factory
<s> [webpack.Progress] 5% setup context module factory IgnorePlugin
<s> [webpack.Progress] 5% setup context module factory
<s> [webpack.Progress] 6% setup before compile
<s> [webpack.Progress] 6% setup before compile ProgressPlugin
<s> [webpack.Progress] 6% setup before compile
<s> [webpack.Progress] 7% setup compile
<s> [webpack.Progress] 7% setup compile ExternalsPlugin
<s> [webpack.Progress] 7% setup compile
<s> [webpack.Progress] 8% setup compilation
<s> [webpack.Progress] 8% setup compilation mini-css-extract-plugin
<s> [webpack.Progress] 8% setup compilation ArrayPushCallbackChunkFormatPlugin
<s> [webpack.Progress] 8% setup compilation JsonpChunkLoadingPlugin
<s> [webpack.Progress] 8% setup compilation StartupChunkDependenciesPlugin
<s> [webpack.Progress] 8% setup compilation ImportScriptsChunkLoadingPlugin
<s> [webpack.Progress] 8% setup compilation FetchCompileWasmPlugin
<s> [webpack.Progress] 8% setup compilation FetchCompileAsyncWasmPlugin
<s> [webpack.Progress] 8% setup compilation WorkerPlugin
<s> [webpack.Progress] 8% setup compilation SplitChunksPlugin
<s> [webpack.Progress] 8% setup compilation RuntimeChunkPlugin
<s> [webpack.Progress] 8% setup compilation ResolverCachePlugin
<s> [webpack.Progress] 8% setup compilation HtmlWebpackPlugin
<s> [webpack.Progress] 8% setup compilation
<s> [webpack.Progress] 9% setup compilation
<s> [webpack.Progress] 9% setup compilation DefinePlugin
<s> [webpack.Progress] 9% setup compilation ProvidePlugin
<s> [webpack.Progress] 9% setup compilation ProgressPlugin
<s> [webpack.Progress] 9% setup compilation InlineChunkHtmlPlugin
<s> [webpack.Progress] 9% setup compilation InterpolateHtmlPlugin
<s> [webpack.Progress] 9% setup compilation mini-css-extract-plugin
<s> [webpack.Progress] 9% setup compilation DocGenPlugin
<s> [webpack.Progress] 9% setup compilation ChunkPrefetchPreloadPlugin
<s> [webpack.Progress] 9% setup compilation SourceMapDevToolPlugin
<s> [webpack.Progress] 9% setup compilation JavascriptModulesPlugin
<s> [webpack.Progress] 9% setup compilation JsonModulesPlugin
<s> [webpack.Progress] 9% setup compilation AssetModulesPlugin
<s> [webpack.Progress] 9% setup compilation EntryPlugin
<s> [webpack.Progress] 9% setup compilation EntryPlugin
<s> [webpack.Progress] 9% setup compilation EntryPlugin
<s> [webpack.Progress] 9% setup compilation EntryPlugin
<s> [webpack.Progress] 9% setup compilation EntryPlugin
<s> [webpack.Progress] 9% setup compilation EntryPlugin
<s> [webpack.Progress] 9% setup compilation EntryPlugin
<s> [webpack.Progress] 9% setup compilation EntryPlugin
<s> [webpack.Progress] 9% setup compilation EntryPlugin
<s> [webpack.Progress] 9% setup compilation EntryPlugin
<s> [webpack.Progress] 9% setup compilation EntryPlugin
<s> [webpack.Progress] 9% setup compilation EntryPlugin
<s> [webpack.Progress] 9% setup compilation EntryPlugin
<s> [webpack.Progress] 9% setup compilation EntryPlugin
<s> [webpack.Progress] 9% setup compilation EntryPlugin
<s> [webpack.Progress] 9% setup compilation RuntimePlugin
<s> [webpack.Progress] 9% setup compilation InferAsyncModulesPlugin
<s> [webpack.Progress] 9% setup compilation DataUriPlugin
<s> [webpack.Progress] 9% setup compilation FileUriPlugin
<s> [webpack.Progress] 9% setup compilation CompatibilityPlugin
<s> [webpack.Progress] 9% setup compilation HarmonyModulesPlugin
<s> [webpack.Progress] 9% setup compilation AMDPlugin
<s> [webpack.Progress] 9% setup compilation RequireJsStuffPlugin
<s> [webpack.Progress] 9% setup compilation CommonJsPlugin
<s> [webpack.Progress] 9% setup compilation LoaderPlugin
<s> [webpack.Progress] 9% setup compilation LoaderPlugin
<s> [webpack.Progress] 9% setup compilation NodeStuffPlugin
<s> [webpack.Progress] 9% setup compilation APIPlugin
<s> [webpack.Progress] 9% setup compilation ExportsInfoApiPlugin
<s> [webpack.Progress] 9% setup compilation WebpackIsIncludedPlugin
<s> [webpack.Progress] 9% setup compilation ConstPlugin
<s> [webpack.Progress] 9% setup compilation UseStrictPlugin
<s> [webpack.Progress] 9% setup compilation RequireIncludePlugin
<s> [webpack.Progress] 9% setup compilation RequireEnsurePlugin
<s> [webpack.Progress] 9% setup compilation RequireContextPlugin
<s> [webpack.Progress] 9% setup compilation ImportPlugin
<s> [webpack.Progress] 9% setup compilation RequireContextPlugin
<s> [webpack.Progress] 9% setup compilation SystemPlugin
<s> [webpack.Progress] 9% setup compilation ImportMetaPlugin
<s> [webpack.Progress] 9% setup compilation URLPlugin
<s> [webpack.Progress] 9% setup compilation DefaultStatsFactoryPlugin
<s> [webpack.Progress] 9% setup compilation DefaultStatsPresetPlugin
<s> [webpack.Progress] 9% setup compilation DefaultStatsPrinterPlugin
<s> [webpack.Progress] 9% setup compilation JavascriptMetaInfoPlugin
<s> [webpack.Progress] 9% setup compilation EnsureChunkConditionsPlugin
<s> [webpack.Progress] 9% setup compilation RemoveEmptyChunksPlugin
<s> [webpack.Progress] 9% setup compilation MergeDuplicateChunksPlugin
<s> [webpack.Progress] 9% setup compilation FlagIncludedChunksPlugin
<s> [webpack.Progress] 9% setup compilation SideEffectsFlagPlugin
<s> [webpack.Progress] 9% setup compilation FlagDependencyExportsPlugin
<s> [webpack.Progress] 9% setup compilation FlagDependencyUsagePlugin
<s> [webpack.Progress] 9% setup compilation InnerGraphPlugin
<s> [webpack.Progress] 9% setup compilation MangleExportsPlugin
<s> [webpack.Progress] 9% setup compilation ModuleConcatenationPlugin
<s> [webpack.Progress] 9% setup compilation NoEmitOnErrorsPlugin
<s> [webpack.Progress] 9% setup compilation RealContentHashPlugin
<s> [webpack.Progress] 9% setup compilation WasmFinalizeExportsPlugin
<s> [webpack.Progress] 9% setup compilation NamedModuleIdsPlugin
<s> [webpack.Progress] 9% setup compilation DeterministicChunkIdsPlugin
<s> [webpack.Progress] 9% setup compilation DefinePlugin
<s> [webpack.Progress] 9% setup compilation TerserPlugin
<s> [webpack.Progress] 9% setup compilation TemplatedPathPlugin
<s> [webpack.Progress] 9% setup compilation RecordIdsPlugin
<s> [webpack.Progress] 9% setup compilation WarnCaseSensitiveModulesPlugin
<s> [webpack.Progress] 9% setup compilation IgnoreWarningsPlugin
<s> [webpack.Progress] 9% setup compilation ESLintWebpackPlugin_1
<s> [webpack.Progress] 9% setup compilation
<s> [webpack.Progress] 10% building
<s> [webpack.Progress] 10% building 0/1 entries 0/0 dependencies 0/0 modules
<s> [webpack.Progress] 10% building import loader ./node_modules/babel-loader/lib/index.js
<s> [webpack.Progress] 10% building import loader ./node_modules/source-map-loader/dist/cjs.js
<s> [webpack.Progress] 10% building 0/15 entries 25/44 dependencies 0/24 modules
<s> [webpack.Progress] 10% building import loader ./node_modules/@storybook/source-loader/dist/cjs/index.js
<s> [webpack.Progress] 10% building 0/15 entries 42/73 dependencies 0/39 modules
<s> [webpack.Progress] 10% building 0/15 entries 126/200 dependencies 1/84 modules
<s> [webpack.Progress] 10% building import loader ./node_modules/mini-css-extract-plugin/dist/loader.js
<s> [webpack.Progress] 10% building import loader ./node_modules/react-scripts/node_modules/css-loader/dist/cjs.js
<s> [webpack.Progress] 10% building import loader ./node_modules/react-scripts/node_modules/postcss-loader/dist/cjs.js
<s> [webpack.Progress] 10% building 0/15 entries 295/370 dependencies 3/163 modules
<s> [webpack.Progress] 13% building 1/15 entries 444/672 dependencies 12/213 modules
<s> [webpack.Progress] 17% building 2/15 entries 635/689 dependencies 21/281 modules
<s> [webpack.Progress] 99% cache begin idle
<s> [webpack.Progress] 99% cache begin idle
<s> [webpack.Progress] 100% 

ERR! => Failed to build the preview
ERR! Module not found: Error: Can't resolve 'C:/Users/Sameed Hasan/OneDrive/Desktop/New folder/taskbox/node_modules/@babel/runtime/helpers/esm/regeneratorRuntime.js' in 'C:\Users\Sameed Hasan\OneDrive\Desktop\New folder\taskbox\src\components'
<s> [webpack.Progress] 99% cache shutdown
<s> [webpack.Progress] 99% cache shutdown
<s> [webpack.Progress] 100% 

<s> [webpack.Progress] 21% building 3/15 entries 635/689 dependencies 24/281 modules
<s> [webpack.Progress] 24% building 4/15 entries 635/689 dependencies 26/281 modules
<s> [webpack.Progress] 28% building 5/15 entries 635/689 dependencies 56/281 modules
<s> [webpack.Progress] 32% building 6/15 entries 635/689 dependencies 59/281 modules
<s> [webpack.Progress] 35% building 7/15 entries 635/689 dependencies 60/281 modules
<s> [webpack.Progress] 39% building 8/15 entries 635/689 dependencies 61/281 modules
<s> [webpack.Progress] 43% building 9/15 entries 635/689 dependencies 62/281 modules
<s> [webpack.Progress] 46% building 10/15 entries 635/689 dependencies 63/281 modules
<s> [webpack.Progress] 50% building 11/15 entries 635/689 dependencies 64/281 modules
<s> [webpack.Progress] 54% building 12/15 entries 635/689 dependencies 107/281 modules
<s> [webpack.Progress] 57% building 13/15 entries 635/689 dependencies 107/281 modules
<s> [webpack.Progress] 60% building 14/15 entries 635/689 dependencies 107/281 modules
<s> [webpack.Progress] 60% building 15/15 entries 635/689 dependencies 107/281 modules
<s> [webpack.Progress] 63% building 15/15 entries 673/689 dependencies 124/300 modules
info => Manager built (36 s)
ERR! ModuleNotFoundError: Module not found: Error: Can't resolve 'C:/Users/Sameed Hasan/OneDrive/Desktop/New folder/taskbox/node_modules/@babel/runtime/helpers/esm/regeneratorRuntime.js' in 'C:\Users\Sameed Hasan\OneDrive\Desktop\New folder\taskbox\src\components'
ERR!     at C:\Users\Sameed Hasan\OneDrive\Desktop\New folder\taskbox\node_modules\webpack\lib\Compilation.js:2016:28
ERR!     at C:\Users\Sameed Hasan\OneDrive\Desktop\New folder\taskbox\node_modules\webpack\lib\NormalModuleFactory.js:798:13
ERR!     at eval (eval at create (C:\Users\Sameed Hasan\OneDrive\Desktop\New folder\taskbox\node_modules\webpack\node_modules\tapable\lib\HookCodeFactory.js:33:10), <anonymous>:10:1)
ERR!     at C:\Users\Sameed Hasan\OneDrive\Desktop\New folder\taskbox\node_modules\webpack\lib\NormalModuleFactory.js:270:22
ERR!     at eval (eval at create (C:\Users\Sameed Hasan\OneDrive\Desktop\New folder\taskbox\node_modules\webpack\node_modules\tapable\lib\HookCodeFactory.js:33:10), <anonymous>:9:1)
ERR!     at C:\Users\Sameed Hasan\OneDrive\Desktop\New folder\taskbox\node_modules\webpack\lib\NormalModuleFactory.js:434:22
ERR!     at C:\Users\Sameed Hasan\OneDrive\Desktop\New folder\taskbox\node_modules\webpack\lib\NormalModuleFactory.js:116:11
ERR!     at C:\Users\Sameed Hasan\OneDrive\Desktop\New folder\taskbox\node_modules\webpack\lib\NormalModuleFactory.js:670:25
ERR!     at C:\Users\Sameed Hasan\OneDrive\Desktop\New folder\taskbox\node_modules\webpack\lib\NormalModuleFactory.js:855:8
ERR!     at C:\Users\Sameed Hasan\OneDrive\Desktop\New folder\taskbox\node_modules\webpack\lib\NormalModuleFactory.js:975:5
ERR!  ModuleNotFoundError: Module not found: Error: Can't resolve 'C:/Users/Sameed Hasan/OneDrive/Desktop/New folder/taskbox/node_modules/@babel/runtime/helpers/esm/regeneratorRuntime.js' in 'C:\Users\Sameed Hasan\OneDrive\Desktop\New folder\taskbox\src\components'
ERR!     at C:\Users\Sameed Hasan\OneDrive\Desktop\New folder\taskbox\node_modules\webpack\lib\Compilation.js:2016:28
ERR!     at C:\Users\Sameed Hasan\OneDrive\Desktop\New folder\taskbox\node_modules\webpack\lib\NormalModuleFactory.js:798:13
ERR!     at eval (eval at create (C:\Users\Sameed Hasan\OneDrive\Desktop\New folder\taskbox\node_modules\webpack\node_modules\tapable\lib\HookCodeFactory.js:33:10), <anonymous>:10:1)
ERR!     at C:\Users\Sameed Hasan\OneDrive\Desktop\New folder\taskbox\node_modules\webpack\lib\NormalModuleFactory.js:270:22
ERR!     at eval (eval at create (C:\Users\Sameed Hasan\OneDrive\Desktop\New folder\taskbox\node_modules\webpack\node_modules\tapable\lib\HookCodeFactory.js:33:10), <anonymous>:9:1)
ERR!     at C:\Users\Sameed Hasan\OneDrive\Desktop\New folder\taskbox\node_modules\webpack\lib\NormalModuleFactory.js:434:22
ERR!     at C:\Users\Sameed Hasan\OneDrive\Desktop\New folder\taskbox\node_modules\webpack\lib\NormalModuleFactory.js:116:11
ERR!     at C:\Users\Sameed Hasan\OneDrive\Desktop\New folder\taskbox\node_modules\webpack\lib\NormalModuleFactory.js:670:25
ERR!     at C:\Users\Sameed Hasan\OneDrive\Desktop\New folder\taskbox\node_modules\webpack\lib\NormalModuleFactory.js:855:8
ERR!     at C:\Users\Sameed Hasan\OneDrive\Desktop\New folder\taskbox\node_modules\webpack\lib\NormalModuleFactory.js:975:5
ERR! resolve 'C:/Users/Sameed Hasan/OneDrive/Desktop/New folder/taskbox/node_modules/@babel/runtime/helpers/esm/regeneratorRuntime.js' in 'C:\Users\Sameed Hasan\OneDrive\Desktop\New folder\taskbox\src\components'
ERR!   using description file: C:\Users\Sameed Hasan\OneDrive\Desktop\New folder\taskbox\package.json (relative path: ./src/components)
ERR!     Field 'browser' doesn't contain a valid alias configuration
ERR!     using description file: C:\Users\Sameed Hasan\OneDrive\Desktop\New folder\taskbox\node_modules\@babel\runtime\package.json (relative path: ./helpers/esm/regeneratorRuntime.js)
ERR!       no extension
ERR!         Field 'browser' doesn't contain a valid alias configuration
ERR!         C:\Users\Sameed Hasan\OneDrive\Desktop\New folder\taskbox\node_modules\@babel\runtime\helpers\esm\regeneratorRuntime.js doesn't exist
ERR!       .web.mjs
ERR!         Field 'browser' doesn't contain a valid alias configuration
ERR!         C:\Users\Sameed Hasan\OneDrive\Desktop\New folder\taskbox\node_modules\@babel\runtime\helpers\esm\regeneratorRuntime.js.web.mjs doesn't exist
ERR!       .mjs
ERR!         Field 'browser' doesn't contain a valid alias configuration
ERR!         C:\Users\Sameed Hasan\OneDrive\Desktop\New folder\taskbox\node_modules\@babel\runtime\helpers\esm\regeneratorRuntime.js.mjs doesn't exist
ERR!       .web.js
ERR!         Field 'browser' doesn't contain a valid alias configuration
ERR!         C:\Users\Sameed Hasan\OneDrive\Desktop\New folder\taskbox\node_modules\@babel\runtime\helpers\esm\regeneratorRuntime.js.web.js doesn't exist
ERR!       .js
ERR!         Field 'browser' doesn't contain a valid alias configuration
ERR!         C:\Users\Sameed Hasan\OneDrive\Desktop\New folder\taskbox\node_modules\@babel\runtime\helpers\esm\regeneratorRuntime.js.js doesn't exist
ERR!       .json
ERR!         Field 'browser' doesn't contain a valid alias configuration
ERR!         C:\Users\Sameed Hasan\OneDrive\Desktop\New folder\taskbox\node_modules\@babel\runtime\helpers\esm\regeneratorRuntime.js.json doesn't exist
ERR!       .web.jsx
ERR!         Field 'browser' doesn't contain a valid alias configuration
ERR!         C:\Users\Sameed Hasan\OneDrive\Desktop\New folder\taskbox\node_modules\@babel\runtime\helpers\esm\regeneratorRuntime.js.web.jsx doesn't exist
ERR!       .jsx
ERR!         Field 'browser' doesn't contain a valid alias configuration
ERR!         C:\Users\Sameed Hasan\OneDrive\Desktop\New folder\taskbox\node_modules\@babel\runtime\helpers\esm\regeneratorRuntime.js.jsx doesn't exist
ERR!       as directory
ERR!         C:\Users\Sameed Hasan\OneDrive\Desktop\New folder\taskbox\node_modules\@babel\runtime\helpers\esm\regeneratorRuntime.js doesn't exist
info => Loading presets
